11:33:03: Creating resource group General
11:33:03: Creating resource group Internal
11:33:03: Creating resource group Autodetect
11:33:03: SceneManagerFactory for type 'DefaultSceneManager' registered.
11:33:03: Registering ResourceManager for type Material
11:33:03: Registering ResourceManager for type Mesh
11:33:03: Registering ResourceManager for type Skeleton
11:33:03: MovableObjectFactory for type 'ParticleSystem' registered.
11:33:03: OverlayElementFactory for type Panel registered.
11:33:03: OverlayElementFactory for type BorderPanel registered.
11:33:03: OverlayElementFactory for type TextArea registered.
11:33:03: Registering ResourceManager for type Font
11:33:03: ArchiveFactory for archive type FileSystem registered.
11:33:03: ArchiveFactory for archive type Zip registered.
11:33:03: FreeImage version: 3.9.3
11:33:03: This program uses FreeImage, a free, open source image library supporting all common bitmap formats. See http://freeimage.sourceforge.net for details
11:33:03: Supported formats: bmp,ico,jpg,jif,jpeg,jpe,jng,koa,iff,lbm,mng,pbm,pbm,pcd,pcx,pgm,pgm,png,ppm,ppm,ras,tga,targa,tif,tiff,wap,wbmp,wbm,psd,cut,xbm,xpm,gif,hdr,g3,sgi
11:33:03: DDS codec registering
11:33:03: Registering ResourceManager for type HighLevelGpuProgram
11:33:03: Registering ResourceManager for type Compositor
11:33:03: MovableObjectFactory for type 'Entity' registered.
11:33:03: MovableObjectFactory for type 'Light' registered.
11:33:03: MovableObjectFactory for type 'BillboardSet' registered.
11:33:03: MovableObjectFactory for type 'ManualObject' registered.
11:33:03: MovableObjectFactory for type 'BillboardChain' registered.
11:33:03: MovableObjectFactory for type 'RibbonTrail' registered.
11:33:03: Loading library .\RenderSystem_GL
11:33:04: Installing plugin: GL RenderSystem
11:33:04: OpenGL Rendering Subsystem created.
11:33:04: Plugin successfully installed
11:33:04: Loading library .\Plugin_OctreeSceneManager
11:33:04: Installing plugin: Octree & Terrain Scene Manager
11:33:04: Plugin successfully installed
11:33:04: Loading library .\Plugin_ParticleFX
11:33:04: Installing plugin: ParticleFX
11:33:04: Particle Emitter Type 'Point' registered
11:33:04: Particle Emitter Type 'Box' registered
11:33:04: Particle Emitter Type 'Ellipsoid' registered
11:33:04: Particle Emitter Type 'Cylinder' registered
11:33:04: Particle Emitter Type 'Ring' registered
11:33:04: Particle Emitter Type 'HollowEllipsoid' registered
11:33:04: Particle Affector Type 'LinearForce' registered
11:33:04: Particle Affector Type 'ColourFader' registered
11:33:04: Particle Affector Type 'ColourFader2' registered
11:33:04: Particle Affector Type 'ColourImage' registered
11:33:04: Particle Affector Type 'ColourInterpolator' registered
11:33:04: Particle Affector Type 'Scaler' registered
11:33:04: Particle Affector Type 'Rotator' registered
11:33:04: Particle Affector Type 'DirectionRandomiser' registered
11:33:04: Particle Affector Type 'DeflectorPlane' registered
11:33:04: Plugin successfully installed
11:33:04: *-*-* OGRE Initialising
11:33:04: *-*-* Version 1.6.1 (Shoggoth)
11:33:04: CPU Identifier & Features
11:33:04: -------------------------
11:33:04:  *   CPU ID: GenuineIntel: Intel(R) Core(TM) i7 CPU         930  @ 2.80GHz
11:33:04:  *      SSE: yes
11:33:04:  *     SSE2: yes
11:33:04:  *     SSE3: yes
11:33:04:  *      MMX: yes
11:33:04:  *   MMXEXT: yes
11:33:04:  *    3DNOW: no
11:33:04:  * 3DNOWEXT: no
11:33:04:  *     CMOV: yes
11:33:04:  *      TSC: yes
11:33:04:  *      FPU: yes
11:33:04:  *      PRO: yes
11:33:04:  *       HT: no
11:33:04: -------------------------
11:33:04: *** Starting Win32GL Subsystem ***
11:33:04: GLRenderSystem::_createRenderWindow "Hopper 20100329Alpha", 1280x1024 windowed  miscParams: ColourDepth=32 DisplayFrequency=60 FSAA=2 RTT Preferred Mode=FBO sRGB Gamma Conversion=No vsync=Yes 
11:33:04: Created Win32Window 'Hopper 20100329Alpha' : 1280x1024, 32bpp
11:33:04: GL_VERSION = 4.2.12422 Compatibility Profile Context 13.152.1.1000
11:33:04: GL_VENDOR = ATI Technologies Inc.
11:33:04: GL_RENDERER = AMD Radeon HD 5500 Series
11:33:04: GL_EXTENSIONS = GL_AMDX_debug_output GL_AMDX_vertex_shader_tessellator GL_AMD_conservative_depth GL_AMD_debug_output GL_AMD_depth_clamp_separate GL_AMD_draw_buffers_blend GL_AMD_multi_draw_indirect GL_AMD_name_gen_delete GL_AMD_performance_monitor GL_AMD_pinned_memory GL_AMD_query_buffer_object GL_AMD_sample_positions GL_AMD_seamless_cubemap_per_texture GL_AMD_shader_stencil_export GL_AMD_shader_trace GL_AMD_texture_cube_map_array GL_AMD_texture_texture4 GL_AMD_transform_feedback3_lines_triangles GL_AMD_vertex_shader_layer GL_AMD_vertex_shader_tessellator GL_AMD_vertex_shader_viewport_index GL_ARB_ES2_compatibility GL_ARB_ES3_compatibility GL_ARB_arrays_of_arrays GL_ARB_base_instance GL_ARB_blend_func_extended GL_ARB_clear_buffer_object GL_ARB_color_buffer_float GL_ARB_compatibility GL_ARB_compressed_texture_pixel_storage GL_ARB_compute_shader GL_ARB_conservative_depth GL_ARB_copy_buffer GL_ARB_copy_image GL_ARB_debug_output GL_ARB_depth_buffer_float GL_ARB_depth_clamp GL_ARB_depth_texture GL_ARB_draw_buffers GL_ARB_draw_buffers_blend GL_ARB_draw_elements_base_vertex GL_ARB_draw_indirect GL_ARB_draw_instanced GL_ARB_explicit_attrib_location GL_ARB_explicit_uniform_location GL_ARB_fragment_coord_conventions GL_ARB_fragment_layer_viewport GL_ARB_fragment_program GL_ARB_fragment_program_shadow GL_ARB_fragment_shader GL_ARB_framebuffer_no_attachments GL_ARB_framebuffer_object GL_ARB_framebuffer_sRGB GL_ARB_geometry_shader4 GL_ARB_get_program_binary GL_ARB_gpu_shader5 GL_ARB_gpu_shader_fp64 GL_ARB_half_float_pixel GL_ARB_half_float_vertex GL_ARB_imaging GL_ARB_instanced_arrays GL_ARB_internalformat_query GL_ARB_invalidate_subdata GL_ARB_map_buffer_alignment GL_ARB_map_buffer_range GL_ARB_multi_draw_indirect GL_ARB_multisample GL_ARB_multitexture GL_ARB_occlusion_query GL_ARB_occlusion_query2 GL_ARB_pixel_buffer_object GL_ARB_point_parameters GL_ARB_point_sprite GL_ARB_program_interface_query GL_ARB_provoking_vertex GL_ARB_sample_shading GL_ARB_sampler_objects GL_ARB_seamless_cube_map GL_ARB_separate_shader_objects GL_ARB_shader_atomic_counters GL_ARB_shader_bit_encoding GL_ARB_shader_image_load_store GL_ARB_shader_image_size GL_ARB_shader_objects GL_ARB_shader_precision GL_ARB_shader_stencil_export GL_ARB_shader_storage_buffer_object GL_ARB_shader_subroutine GL_ARB_shader_texture_lod GL_ARB_shading_language_100 GL_ARB_shading_language_420pack GL_ARB_shading_language_packing GL_ARB_shadow GL_ARB_shadow_ambient GL_ARB_stencil_texturing GL_ARB_sync GL_ARB_tessellation_shader GL_ARB_texture_border_clamp GL_ARB_texture_buffer_object GL_ARB_texture_buffer_object_rgb32 GL_ARB_texture_buffer_range GL_ARB_texture_compression GL_ARB_texture_compression_bptc GL_ARB_texture_compression_rgtc GL_ARB_texture_cube_map GL_ARB_texture_cube_map_array GL_ARB_texture_env_add GL_ARB_texture_env_combine GL_ARB_texture_env_crossbar GL_ARB_texture_env_dot3 GL_ARB_texture_float GL_ARB_texture_gather GL_ARB_texture_mirrored_repeat GL_ARB_texture_multisample GL_ARB_texture_non_power_of_two GL_ARB_texture_query_levels GL_ARB_texture_query_lod GL_ARB_texture_rectangle GL_ARB_texture_rg GL_ARB_texture_rgb10_a2ui GL_ARB_texture_snorm GL_ARB_texture_storage GL_ARB_texture_storage_multisample GL_ARB_timer_query GL_ARB_transform_feedback2 GL_ARB_transform_feedback3 GL_ARB_transform_feedback_instanced GL_ARB_transpose_matrix GL_ARB_uniform_buffer_object GL_ARB_vertex_array_bgra GL_ARB_vertex_array_object GL_ARB_vertex_attrib_64bit GL_ARB_vertex_buffer_object GL_ARB_vertex_program GL_ARB_vertex_shader GL_ARB_vertex_type_2_10_10_10_rev GL_ARB_viewport_array GL_ARB_window_pos GL_ATI_draw_buffers GL_ATI_envmap_bumpmap GL_ATI_fragment_shader GL_ATI_separate_stencil GL_ATI_texture_compression_3dc GL_ATI_texture_env_combine3 GL_ATI_texture_float GL_ATI_texture_mirror_once GL_EXT_abgr GL_EXT_bgra GL_EXT_bindable_uniform GL_EXT_blend_color GL_EXT_blend_equation_separate GL_EXT_blend_func_separate GL_EXT_blend_minmax GL_EXT_blend_subtract GL_EXT_compiled_vertex_array GL_EXT_copy_buffer GL_EXT_copy_texture GL_EXT_direct_state_access GL_EXT_draw_buffers2 GL_EXT_draw_instanced GL_EXT_draw_range_elements GL_EXT_fog_coord GL_EXT_framebuffer_blit GL_EXT_framebuffer_multisample GL_EXT_framebuffer_object GL_EXT_framebuffer_sRGB GL_EXT_geometry_shader4 GL_EXT_gpu_program_parameters GL_EXT_gpu_shader4 GL_EXT_histogram GL_EXT_multi_draw_arrays GL_EXT_packed_depth_stencil GL_EXT_packed_float GL_EXT_packed_pixels GL_EXT_pixel_buffer_object GL_EXT_point_parameters GL_EXT_provoking_vertex GL_EXT_rescale_normal GL_EXT_secondary_color GL_EXT_separate_specular_color GL_EXT_shader_image_load_store GL_EXT_shadow_funcs GL_EXT_stencil_wrap GL_EXT_subtexture GL_EXT_texgen_reflection GL_EXT_texture3D GL_EXT_texture_array GL_EXT_texture_buffer_object GL_EXT_texture_compression_bptc GL_EXT_texture_compression_latc GL_EXT_texture_compression_rgtc GL_EXT_texture_compression_s3tc GL_EXT_texture_cube_map GL_EXT_texture_edge_clamp GL_EXT_texture_env_add GL_EXT_texture_env_combine GL_EXT_texture_env_dot3 GL_EXT_texture_filter_anisotropic GL_EXT_texture_integer GL_EXT_texture_lod GL_EXT_texture_lod_bias GL_EXT_texture_mirror_clamp GL_EXT_texture_object GL_EXT_texture_rectangle GL_EXT_texture_sRGB GL_EXT_texture_sRGB_decode GL_EXT_texture_shared_exponent GL_EXT_texture_snorm GL_EXT_texture_storage GL_EXT_texture_swizzle GL_EXT_timer_query GL_EXT_transform_feedback GL_EXT_vertex_array GL_EXT_vertex_array_bgra GL_EXT_vertex_attrib_64bit GL_IBM_texture_mirrored_repeat GL_KHR_debug GL_KTX_buffer_region GL_NV_blend_square GL_NV_conditional_render GL_NV_copy_depth_to_color GL_NV_copy_image GL_NV_explicit_multisample GL_NV_float_buffer GL_NV_half_float GL_NV_primitive_restart GL_NV_texgen_reflection GL_NV_texture_barrier GL_SGIS_generate_mipmap GL_SGIS_texture_edge_clamp GL_SGIS_texture_lod GL_SUN_multi_draw_arrays GL_WIN_swap_hint WGL_EXT_swap_control
11:33:04: Supported WGL extensions: WGL_ARB_extensions_string WGL_ARB_pixel_format WGL_ATI_pixel_format_float WGL_ARB_pixel_format_float WGL_ARB_multisample WGL_EXT_swap_control WGL_EXT_swap_control_tear WGL_ARB_pbuffer WGL_ARB_render_texture WGL_ARB_make_current_read WGL_EXT_extensions_string WGL_ARB_buffer_region WGL_EXT_framebuffer_sRGB WGL_ATI_render_texture_rectangle WGL_EXT_pixel_format_packed_float WGL_I3D_genlock WGL_NV_swap_group WGL_ARB_create_context WGL_AMD_gpu_association WGL_AMDX_gpu_association WGL_ARB_create_context_profile WGL_NV_DX_interop WGL_NV_DX_interop2 WGL_NV_float_buffer
11:33:04: ***************************
11:33:04: *** GL Renderer Started ***
11:33:04: ***************************
11:33:04: Registering ResourceManager for type GpuProgram
11:33:04: GLSL support detected
11:33:04: GL: Using GL_EXT_framebuffer_object for rendering to textures (best)
11:33:04: FBO PF_UNKNOWN depth/stencil support: D0S1 D0S4 D0S8 D0S16 D16S0 D24S0 D32S0 Packed-D24S8 
11:33:04: FBO PF_L8 depth/stencil support: D0S0 D0S1 D0S4 D0S8 D0S16 D16S0 D24S0 D32S0 Packed-D24S8 
11:33:04: FBO PF_L16 depth/stencil support: D0S0 D0S1 D0S4 D0S8 D0S16 D16S0 D24S0 D32S0 Packed-D24S8 
11:33:04: FBO PF_A8 depth/stencil support: D0S0 D0S1 D0S4 D0S8 D0S16 D16S0 D24S0 D32S0 Packed-D24S8 
11:33:04: FBO PF_A4L4 depth/stencil support: D0S0 D0S1 D0S4 D0S8 D0S16 D16S0 D24S0 D32S0 Packed-D24S8 
11:33:04: FBO PF_BYTE_LA depth/stencil support: D0S0 D0S1 D0S4 D0S8 D0S16 D16S0 D24S0 D32S0 Packed-D24S8 
11:33:04: FBO PF_R5G6B5 depth/stencil support: D0S0 D0S1 D0S4 D0S8 D0S16 D16S0 D24S0 D32S0 Packed-D24S8 
11:33:04: FBO PF_B5G6R5 depth/stencil support: D0S0 D0S1 D0S4 D0S8 D0S16 D16S0 D24S0 D32S0 Packed-D24S8 
11:33:04: FBO PF_A4R4G4B4 depth/stencil support: D0S0 D0S1 D0S4 D0S8 D0S16 D16S0 D24S0 D32S0 Packed-D24S8 
11:33:04: FBO PF_A1R5G5B5 depth/stencil support: D0S0 D0S1 D0S4 D0S8 D0S16 D16S0 D24S0 D32S0 Packed-D24S8 
11:33:04: FBO PF_R8G8B8 depth/stencil support: D0S0 D0S1 D0S4 D0S8 D0S16 D16S0 D24S0 D32S0 Packed-D24S8 
11:33:04: FBO PF_B8G8R8 depth/stencil support: D0S0 D0S1 D0S4 D0S8 D0S16 D16S0 D24S0 D32S0 Packed-D24S8 
11:33:04: FBO PF_A8R8G8B8 depth/stencil support: D0S0 D0S1 D0S4 D0S8 D0S16 D16S0 D24S0 D32S0 Packed-D24S8 
11:33:04: FBO PF_B8G8R8A8 depth/stencil support: D0S0 D0S1 D0S4 D0S8 D0S16 D16S0 D24S0 D32S0 Packed-D24S8 
11:33:04: FBO PF_A2R10G10B10 depth/stencil support: D0S0 D0S1 D0S4 D0S8 D0S16 D16S0 D24S0 D32S0 Packed-D24S8 
11:33:04: FBO PF_A2B10G10R10 depth/stencil support: D0S0 D0S1 D0S4 D0S8 D0S16 D16S0 D24S0 D32S0 Packed-D24S8 
11:33:04: FBO PF_FLOAT16_RGB depth/stencil support: D0S0 D0S1 D0S4 D0S8 D0S16 D16S0 D24S0 D32S0 Packed-D24S8 
11:33:04: FBO PF_FLOAT16_RGBA depth/stencil support: D0S0 D0S1 D0S4 D0S8 D0S16 D16S0 D24S0 D32S0 Packed-D24S8 
11:33:04: FBO PF_FLOAT32_RGB depth/stencil support: D0S0 D0S1 D0S4 D0S8 D0S16 D16S0 D24S0 D32S0 Packed-D24S8 
11:33:04: FBO PF_FLOAT32_RGBA depth/stencil support: D0S0 D0S1 D0S4 D0S8 D0S16 D16S0 D24S0 D32S0 Packed-D24S8 
11:33:04: FBO PF_X8R8G8B8 depth/stencil support: D0S0 D0S1 D0S4 D0S8 D0S16 D16S0 D24S0 D32S0 Packed-D24S8 
11:33:04: FBO PF_X8B8G8R8 depth/stencil support: D0S0 D0S1 D0S4 D0S8 D0S16 D16S0 D24S0 D32S0 Packed-D24S8 
11:33:04: FBO PF_SHORT_RGBA depth/stencil support: D0S0 D0S1 D0S4 D0S8 D0S16 D16S0 D24S0 D32S0 Packed-D24S8 
11:33:04: FBO PF_R3G3B2 depth/stencil support: D0S0 D0S1 D0S4 D0S8 D0S16 D16S0 D24S0 D32S0 Packed-D24S8 
11:33:04: FBO PF_FLOAT16_R depth/stencil support: D0S0 D0S1 D0S4 D0S8 D0S16 D16S0 D24S0 D32S0 Packed-D24S8 
11:33:04: FBO PF_FLOAT32_R depth/stencil support: D0S0 D0S1 D0S4 D0S8 D0S16 D16S0 D24S0 D32S0 Packed-D24S8 
11:33:04: FBO PF_SHORT_GR depth/stencil support: D0S0 D0S1 D0S4 D0S8 D0S16 D16S0 D24S0 D32S0 Packed-D24S8 
11:33:04: FBO PF_FLOAT16_GR depth/stencil support: D0S0 D0S1 D0S4 D0S8 D0S16 D16S0 D24S0 D32S0 Packed-D24S8 
11:33:04: FBO PF_FLOAT32_GR depth/stencil support: D0S0 D0S1 D0S4 D0S8 D0S16 D16S0 D24S0 D32S0 Packed-D24S8 
11:33:04: FBO PF_SHORT_RGB depth/stencil support: D0S0 D0S1 D0S4 D0S8 D0S16 D16S0 D24S0 D32S0 Packed-D24S8 
11:33:04: [GL] : Valid FBO targets PF_UNKNOWN PF_L8 PF_L16 PF_A8 PF_A4L4 PF_BYTE_LA PF_R5G6B5 PF_B5G6R5 PF_A4R4G4B4 PF_A1R5G5B5 PF_R8G8B8 PF_B8G8R8 PF_A8R8G8B8 PF_B8G8R8A8 PF_A2R10G10B10 PF_A2B10G10R10 PF_FLOAT16_RGB PF_FLOAT16_RGBA PF_FLOAT32_RGB PF_FLOAT32_RGBA PF_X8R8G8B8 PF_X8B8G8R8 PF_SHORT_RGBA PF_R3G3B2 PF_FLOAT16_R PF_FLOAT32_R PF_SHORT_GR PF_FLOAT16_GR PF_FLOAT32_GR PF_SHORT_RGB 
11:33:04: RenderSystem capabilities
11:33:04: -------------------------
11:33:04: RenderSystem Name: OpenGL Rendering Subsystem
11:33:04: GPU Vendor: ati
11:33:04: Device Name: AMD Radeon HD 5500 Series
11:33:04: Driver Version: 4.2.12422.0
11:33:04:  * Fixed function pipeline: yes
11:33:04:  * Hardware generation of mipmaps: yes
11:33:04:  * Texture blending: yes
11:33:04:  * Anisotropic texture filtering: yes
11:33:04:  * Dot product texture operation: yes
11:33:04:  * Cube mapping: yes
11:33:04:  * Hardware stencil buffer: yes
11:33:04:    - Stencil depth: 8
11:33:04:    - Two sided stencil support: yes
11:33:04:    - Wrap stencil values: yes
11:33:04:  * Hardware vertex / index buffers: yes
11:33:04:  * Vertex programs: yes
11:33:04:  * Fragment programs: yes
11:33:04:  * Geometry programs: yes
11:33:04:  * Supported Shader Profiles: arbfp1 arbvp1 glsl gp4gp gpu_gp nvgp4 ps_1_1 ps_1_2 ps_1_3 ps_1_4
11:33:04:  * Texture Compression: yes
11:33:04:    - DXT: yes
11:33:04:    - VTC: no
11:33:04:  * Scissor Rectangle: yes
11:33:04:  * Hardware Occlusion Query: yes
11:33:04:  * User clip planes: yes
11:33:04:  * VET_UBYTE4 vertex element type: yes
11:33:04:  * Infinite far plane projection: yes
11:33:04:  * Hardware render-to-texture: yes
11:33:04:  * Floating point textures: yes
11:33:04:  * Non-power-of-two textures: yes
11:33:04:  * Volume textures: yes
11:33:04:  * Multiple Render Targets: 8
11:33:04:    - With different bit depths: yes
11:33:04:  * Point Sprites: yes
11:33:04:  * Extended point parameters: yes
11:33:04:  * Max Point Size: 8192
11:33:04:  * Vertex texture fetch: yes
11:33:04:    - Max vertex textures: 16
11:33:04:    - Vertex textures shared: yes
11:33:04:  * Render to Vertex Buffer : no
11:33:04:  * GL 1.5 without VBO workaround: no
11:33:04:  * Frame Buffer objects: yes
11:33:04:  * Frame Buffer objects (ARB extension): no
11:33:04:  * Frame Buffer objects (ATI extension): no
11:33:04:  * PBuffer suppport: no
11:33:04:  * GL 1.5 without HW-occlusion workaround: no
11:33:04: Registering ResourceManager for type Texture
11:33:04: Using FSAA from GL_ARB_multisample extension.
11:33:04: ResourceBackgroundQueue - threading disabled
11:33:04: Particle Renderer Type 'billboard' registered
11:33:04: SceneManagerFactory for type 'OctreeSceneManager' registered.
11:33:04: SceneManagerFactory for type 'TerrainSceneManager' registered.
11:33:04: Creating resource group Splash
11:33:04: Added resource location '../data/materials/splash' of type 'FileSystem' to resource group 'Splash'
11:33:04: Initialising resource group Splash
11:33:04: Parsing scripts for resource group Splash
11:33:04: Parsing script splash.material
11:33:04: Finished parsing scripts for resource group Splash
11:33:04: Texture: splash.png: Loading 1 faces(PF_A8R8G8B8,450x450x1) with 8 hardware generated mipmaps from Image. Internal format is PF_A8R8G8B8,450x450x1.
11:33:04: Creating resource group Terrain
11:33:04: Added resource location '../data/terrains' of type 'FileSystem' to resource group 'Terrain'
11:33:04: Creating resource group GUI
11:33:04: Added resource location '../data/DynaGUI' of type 'FileSystem' to resource group 'GUI'
11:33:04: Added resource location '../data/materials/scripts' of type 'FileSystem' to resource group 'General'
11:33:04: Added resource location '../data/materials/textures' of type 'FileSystem' to resource group 'General'
11:33:04: Added resource location '../data/models' of type 'FileSystem' to resource group 'General'
11:33:04: Added resource location '../data/fonts' of type 'FileSystem' to resource group 'General'
11:33:04: Added resource location '../data/particles' of type 'FileSystem' to resource group 'General'
11:33:04: Parsing scripts for resource group Autodetect
11:33:04: Finished parsing scripts for resource group Autodetect
11:33:04: Parsing scripts for resource group GUI
11:33:04: Parsing script dynagui.material
11:33:04: Parsing script MgOpen.fontdef
11:33:04: Finished parsing scripts for resource group GUI
11:33:04: Parsing scripts for resource group General
11:33:04: Parsing script barrel.material
11:33:04: Parsing script bgui.material
11:33:04: Parsing script bigrock.material
11:33:04: Parsing script bol.material
11:33:04: Parsing script circle.material
11:33:04: Parsing script coll_bol.material
11:33:04: Parsing script countdown.material
11:33:04: Parsing script cube.material
11:33:04: Parsing script cylinder6.material
11:33:04: Parsing script destroyed.material
11:33:05: Parsing script disc.material
11:33:05: Parsing script eol1.material
11:33:05: Parsing script forcefield.material
11:33:05: Parsing script hangar.material
11:33:05: Parsing script hexaring.material
11:33:05: Parsing script hoper11.material
11:33:05: Parsing script hopper11.material
11:33:05: Parsing script hopper12.material
11:33:05: Parsing script hopper_burned.material
11:33:05: Parsing script Intro.material
11:33:05: Parsing script lander9.material
11:33:05: Parsing script landingpad.material
11:33:05: Parsing script lock.material
11:33:05: Parsing script mainthrust2.material
11:33:05: Parsing script mainthrust3.material
11:33:05: Parsing script mine.material
11:33:05: Parsing script minithrustbackward.material
11:33:05: Parsing script minithrustdown.material
11:33:05: Parsing script minithrustforward.material
11:33:05: Parsing script minithrustleft.material
11:33:05: Parsing script minithrustright.material
11:33:05: Parsing script minithrustup.material
11:33:05: Parsing script missile.material
11:33:05: Parsing script overlay3D.material
11:33:05: Parsing script Overlays.material
11:33:05: Parsing script particles.material
11:33:05: Parsing script pentagon.material
11:33:05: Parsing script piste.material
11:33:05: Parsing script piste2.material
11:33:05: Parsing script plant1.material
11:33:05: Parsing script pulse.material
11:33:05: Parsing script pulse2.material
11:33:05: Parsing script receptacle.material
11:33:05: Parsing script repere.material
11:33:05: Parsing script ring.material
11:33:05: Parsing script rock1.material
11:33:05: Parsing script rock2.material
11:33:05: Parsing script rocket.material
11:33:05: Parsing script room.material
11:33:05: Parsing script sky1.material
11:33:05: Parsing script slab.material
11:33:05: Parsing script square.material
11:33:05: Parsing script squaredring.material
11:33:05: Parsing script stonearch.material
11:33:05: Parsing script sun.material
11:33:05: Parsing script testball.material
11:33:05: Parsing script testcube.material
11:33:05: Parsing script titsphere.material
11:33:05: Parsing script tractorbeam.material
11:33:05: Parsing script tractorbeam2.material
11:33:05: Parsing script triangle.material
11:33:05: Parsing script trianglering.material
11:33:05: Parsing script tunnel_entry.material
11:33:05: Parsing script tunnel_walls.material
11:33:05: Parsing script turet1.material
11:33:05: Parsing script turret2.material
11:33:05: Parsing script tutgoal.material
11:33:05: Parsing script tutorial_goal.material
11:33:05: Parsing script vent.material
11:33:05: Parsing script vent2.material
11:33:05: Parsing script weight.material
11:33:05: Parsing script windmill.material
11:33:05: Parsing script windmill_blades.material
11:33:05: Parsing script windmill_foot.material
11:33:05: Parsing script all.particle
11:33:05: Parsing script Ogre.fontdef
11:33:05: Finished parsing scripts for resource group General
11:33:05: Parsing scripts for resource group Internal
11:33:05: Finished parsing scripts for resource group Internal
11:33:05: Parsing scripts for resource group Terrain
11:33:05: Finished parsing scripts for resource group Terrain
11:33:05: TerrainSceneManager: Registered a new PageSource for type Heightmap
11:33:05: Destroying resource group Splash
11:33:05: Unloading resource group Splash
11:33:05: Finished unloading resource group Splash
11:33:05: Texture: smoke.png: Loading 1 faces(PF_A8R8G8B8,256x256x1) with 8 hardware generated mipmaps from Image. Internal format is PF_A8R8G8B8,256x256x1.
11:33:05: Texture: flare.png: Loading 1 faces(PF_L8,128x128x1) with 7 hardware generated mipmaps from Image. Internal format is PF_L8,128x128x1.
11:33:05: Texture: thrusterspark.png: Loading 1 faces(PF_R8G8B8,16x16x1) with 4 hardware generated mipmaps from Image. Internal format is PF_X8R8G8B8,16x16x1.
11:33:05: Texture: explosion2.png: Loading 1 faces(PF_A8R8G8B8,128x128x1) with 7 hardware generated mipmaps from Image. Internal format is PF_A8R8G8B8,128x128x1.
11:33:05: Texture: dust.png: Loading 1 faces(PF_A8R8G8B8,64x64x1) with 6 hardware generated mipmaps from Image. Internal format is PF_A8R8G8B8,64x64x1.
11:33:05: TerrainSceneManager: Activated PageSource Heightmap
11:33:05: Texture: terraintexture0.png: Loading 1 faces(PF_R8G8B8,512x512x1) with 9 hardware generated mipmaps from Image. Internal format is PF_X8R8G8B8,512x512x1.
11:33:05: Texture: terraindetail1.png: Loading 1 faces(PF_R8G8B8,512x512x1) with 9 hardware generated mipmaps from Image. Internal format is PF_X8R8G8B8,512x512x1.
11:33:05: Texture: cloud.png: Loading 1 faces(PF_A8R8G8B8,256x256x1) with 8 hardware generated mipmaps from Image. Internal format is PF_A8R8G8B8,256x256x1.
11:33:05: Mesh: Loading hoper11.mesh.
11:33:05: WARNING: hoper11.mesh is an older format ([MeshSerializer_v1.30]); you should upgrade it as soon as possible using the OgreMeshUpgrade tool.
11:33:05: Texture: metals.png: Loading 1 faces(PF_A8R8G8B8,512x512x1) with 9 hardware generated mipmaps from Image. Internal format is PF_A8R8G8B8,512x512x1.
11:33:05: Mesh: Loading mainthrust3.mesh.
11:33:05: Texture: big_thruster.png: Loading 1 faces(PF_A8R8G8B8,256x256x1) with 8 hardware generated mipmaps from Image. Internal format is PF_A8R8G8B8,256x256x1.
11:33:05: Texture: big_thruster_light.png: Loading 1 faces(PF_A8R8G8B8,256x256x1) with 8 hardware generated mipmaps from Image. Internal format is PF_A8R8G8B8,256x256x1.
11:33:05: Mesh: Loading minithrustup.mesh.
11:33:05: WARNING: minithrustup.mesh is an older format ([MeshSerializer_v1.30]); you should upgrade it as soon as possible using the OgreMeshUpgrade tool.
11:33:05: Mesh: Loading minithrustdown.mesh.
11:33:05: WARNING: minithrustdown.mesh is an older format ([MeshSerializer_v1.30]); you should upgrade it as soon as possible using the OgreMeshUpgrade tool.
11:33:05: Mesh: Loading minithrustleft.mesh.
11:33:05: WARNING: minithrustleft.mesh is an older format ([MeshSerializer_v1.30]); you should upgrade it as soon as possible using the OgreMeshUpgrade tool.
11:33:05: Mesh: Loading minithrustright.mesh.
11:33:05: WARNING: minithrustright.mesh is an older format ([MeshSerializer_v1.30]); you should upgrade it as soon as possible using the OgreMeshUpgrade tool.
11:33:05: Mesh: Loading tractorbeam2.mesh.
11:33:05: Texture: tractorbeam2.png: Loading 1 faces(PF_A8R8G8B8,128x128x1) with 7 hardware generated mipmaps from Image. Internal format is PF_A8R8G8B8,128x128x1.
11:33:05: Mesh: Loading vent.mesh.
11:33:05: WARNING: vent.mesh is an older format ([MeshSerializer_v1.30]); you should upgrade it as soon as possible using the OgreMeshUpgrade tool.
11:33:05: Texture: fan.png: Loading 1 faces(PF_A8R8G8B8,256x256x1) with 8 hardware generated mipmaps from Image. Internal format is PF_A8R8G8B8,256x256x1.
11:33:05: Mesh: Loading windmill_foot.mesh.
11:33:05: Mesh: Loading windmill_blades.mesh.
11:33:05: Mesh: Loading piste2.mesh.
11:33:05: WARNING: piste2.mesh is an older format ([MeshSerializer_v1.30]); you should upgrade it as soon as possible using the OgreMeshUpgrade tool.
11:33:05: Mesh: Loading mine.mesh.
11:33:05: WARNING: mine.mesh is an older format ([MeshSerializer_v1.30]); you should upgrade it as soon as possible using the OgreMeshUpgrade tool.
11:33:06: Texture: flare2.png: Loading 1 faces(PF_A8R8G8B8,874x874x1) with 9 hardware generated mipmaps from Image. Internal format is PF_A8R8G8B8,874x874x1.
11:33:06: Texture: dgui.pointer.png: Loading 1 faces(PF_A8R8G8B8,32x32x1) with 5 hardware generated mipmaps from Image. Internal format is PF_A8R8G8B8,32x32x1.
11:33:06: Texture: bgui.window.png: Loading 1 faces(PF_A8R8G8B8,32x32x1) with 5 hardware generated mipmaps from Image. Internal format is PF_A8R8G8B8,32x32x1.
11:33:06: Font LCDusing texture size 512x256
11:33:06: Info: Freetype returned null for character 160 in font LCD
11:33:06: Texture: LCDTexture: Loading 1 faces(PF_BYTE_LA,512x256x1) with  hardware generated mipmaps from Image. Internal format is PF_BYTE_LA,512x256x1.
11:33:06: Texture: Hopperlogo2.png: Loading 1 faces(PF_A8R8G8B8,460x160x1) with 8 hardware generated mipmaps from Image. Internal format is PF_A8R8G8B8,460x160x1.
11:33:06: Texture: dgui.button.png: Loading 1 faces(PF_R8G8B8,75x22x1) with 6 hardware generated mipmaps from Image. Internal format is PF_X8R8G8B8,75x22x1.
11:33:06: Texture: dgui.subwindow.png: Loading 1 faces(PF_A8R8G8B8,98x98x1) with 6 hardware generated mipmaps from Image. Internal format is PF_A8R8G8B8,98x98x1.
11:33:06: Texture: ogre_logo.png: Loading 1 faces(PF_A8R8G8B8,350x100x1) with 8 hardware generated mipmaps from Image. Internal format is PF_A8R8G8B8,350x100x1.
11:33:06: Mesh: Loading tutgoal.mesh.
11:33:06: WARNING: tutgoal.mesh is an older format ([MeshSerializer_v1.30]); you should upgrade it as soon as possible using the OgreMeshUpgrade tool.
11:33:06: Texture: spot_shadow_fade.png: Loading 1 faces(PF_R8G8B8,128x128x1) with 7 hardware generated mipmaps from Image. Internal format is PF_X8R8G8B8,128x128x1.
11:33:08: Texture: OgreOde_Logo.png: Loading 1 faces(PF_A8R8G8B8,350x100x1) with 8 hardware generated mipmaps from Image. Internal format is PF_A8R8G8B8,350x100x1.
11:33:10: Texture: ODE_logo.png: Loading 1 faces(PF_A8R8G8B8,350x100x1) with 8 hardware generated mipmaps from Image. Internal format is PF_A8R8G8B8,350x100x1.
11:33:11: Texture: dgui.button.active.png: Loading 1 faces(PF_R8G8B8,75x22x1) with 6 hardware generated mipmaps from Image. Internal format is PF_X8R8G8B8,75x22x1.
11:33:12: Texture: openal_logo.png: Loading 1 faces(PF_R8G8B8,350x100x1) with 8 hardware generated mipmaps from Image. Internal format is PF_X8R8G8B8,350x100x1.
11:33:14: Texture: SQLite_logo.png: Loading 1 faces(PF_A8R8G8B8,350x100x1) with 8 hardware generated mipmaps from Image. Internal format is PF_A8R8G8B8,350x100x1.
11:33:16: Texture: dgui.window.titlebar.png: Loading 1 faces(PF_A8R8G8B8,128x22x1) with 7 hardware generated mipmaps from Image. Internal format is PF_A8R8G8B8,128x22x1.
11:33:17: Texture: dgui.checkbox2.png: Loading 1 faces(PF_A8R8G8B8,80x80x1) with 6 hardware generated mipmaps from Image. Internal format is PF_A8R8G8B8,80x80x1.
11:33:17: Texture: dgui.checkbox.checked2.png: Loading 1 faces(PF_A8R8G8B8,80x80x1) with 6 hardware generated mipmaps from Image. Internal format is PF_A8R8G8B8,80x80x1.
11:33:52: TerrainSceneManager: Registered a new PageSource for type Heightmap
11:33:52: TerrainSceneManager: Activated PageSource Heightmap
11:33:52: Texture: terraintexture6.png: Loading 1 faces(PF_A8R8G8B8,512x512x1) with 9 hardware generated mipmaps from Image. Internal format is PF_A8R8G8B8,512x512x1.
11:33:52: Mesh: Loading rock1.mesh.
11:33:52: WARNING: rock1.mesh is an older format ([MeshSerializer_v1.30]); you should upgrade it as soon as possible using the OgreMeshUpgrade tool.
11:33:52: Texture: rock1.png: Loading 1 faces(PF_R8G8B8,256x256x1) with 8 hardware generated mipmaps from Image. Internal format is PF_X8R8G8B8,256x256x1.
11:33:52: Mesh: Loading hexaring.mesh.
11:33:52: WARNING: hexaring.mesh is an older format ([MeshSerializer_v1.30]); you should upgrade it as soon as possible using the OgreMeshUpgrade tool.
11:33:52: Mesh: Loading rocket.mesh.
11:33:52: WARNING: rocket.mesh is an older format ([MeshSerializer_v1.30]); you should upgrade it as soon as possible using the OgreMeshUpgrade tool.
11:33:52: Texture: rocket.png: Loading 1 faces(PF_R8G8B8,512x512x1) with 9 hardware generated mipmaps from Image. Internal format is PF_X8R8G8B8,512x512x1.
11:33:52: Mesh: Loading slab.mesh.
11:33:52: Texture: concrete.png: Loading 1 faces(PF_R8G8B8,512x512x1) with 9 hardware generated mipmaps from Image. Internal format is PF_X8R8G8B8,512x512x1.
11:33:52: Mesh: Loading testcube.mesh.
11:33:52: Mesh: Loading testball.mesh.
11:33:52: Mesh: Loading turret2.mesh.
11:33:52: Mesh: Loading plant1.mesh.
11:33:52: WARNING: plant1.mesh is an older format ([MeshSerializer_v1.30]); you should upgrade it as soon as possible using the OgreMeshUpgrade tool.
11:33:52: Texture: plant1.png: Loading 1 faces(PF_R8G8B8,512x512x1) with 9 hardware generated mipmaps from Image. Internal format is PF_X8R8G8B8,512x512x1.
11:33:52: Mesh: Loading lock.mesh.
11:33:52: WARNING: lock.mesh is an older format ([MeshSerializer_v1.30]); you should upgrade it as soon as possible using the OgreMeshUpgrade tool.
11:33:52: Mesh: Loading arrow.mesh.
11:33:52: WARNING: arrow.mesh is an older format ([MeshSerializer_v1.30]); you should upgrade it as soon as possible using the OgreMeshUpgrade tool.
11:33:52: Texture: dgui.progressbar.png: Loading 1 faces(PF_R8G8B8,64x64x1) with 6 hardware generated mipmaps from Image. Internal format is PF_X8R8G8B8,64x64x1.
11:33:52: Mesh: Loading ghostlander.mesh.
11:33:52: WARNING: ghostlander.mesh is an older format ([MeshSerializer_v1.30]); you should upgrade it as soon as possible using the OgreMeshUpgrade tool.
11:34:07: Mesh: Loading pulse2.mesh.
11:34:07: Texture: pulse2.png: Loading 1 faces(PF_A8R8G8B8,128x128x1) with 7 hardware generated mipmaps from Image. Internal format is PF_A8R8G8B8,128x128x1.
11:38:00: Texture: metals_burnt.png: Loading 1 faces(PF_A8R8G8B8,512x512x1) with 9 hardware generated mipmaps from Image. Internal format is PF_A8R8G8B8,512x512x1.
11:38:00: Can't assign material hoper11/lander_burnt to SubEntity of ship0 because this Material does not exist. Have you forgotten to define it in a .material script?
11:38:04: TerrainSceneManager: Registered a new PageSource for type Heightmap
11:38:04: TerrainSceneManager: Activated PageSource Heightmap
11:38:04: Texture: terraintexture3.png: Loading 1 faces(PF_R8G8B8,512x512x1) with 9 hardware generated mipmaps from Image. Internal format is PF_X8R8G8B8,512x512x1.
11:38:04: Texture: terraindetail4.png: Loading 1 faces(PF_R8G8B8,512x512x1) with 9 hardware generated mipmaps from Image. Internal format is PF_X8R8G8B8,512x512x1.
11:38:14: *-*-* OGRE Shutdown
11:38:14: Unregistering ResourceManager for type Compositor
11:38:14: Unregistering ResourceManager for type Font
11:38:14: Unregistering ResourceManager for type Skeleton
11:38:14: Unregistering ResourceManager for type Mesh
11:38:14: Unregistering ResourceManager for type HighLevelGpuProgram
11:38:14: Uninstalling plugin: ParticleFX
11:38:14: Plugin successfully uninstalled
11:38:14: Unloading library .\Plugin_ParticleFX
11:38:14: Uninstalling plugin: Octree & Terrain Scene Manager
11:38:14: Plugin successfully uninstalled
11:38:14: Unloading library .\Plugin_OctreeSceneManager
11:38:14: Uninstalling plugin: GL RenderSystem
11:38:14: Unregistering ResourceManager for type GpuProgram
11:38:14: *** Stopping Win32GL Subsystem ***
11:38:14: Unregistering ResourceManager for type Texture
11:38:14: Plugin successfully uninstalled
11:38:14: Unloading library .\RenderSystem_GL
11:38:14: Unregistering ResourceManager for type Material
